<?xml version="1.0" encoding="UTF-8"?>
<coverage generated="1672968621615" clover="3.2.0">
  <project timestamp="1672968621615" name="All files">
    <metrics statements="28" coveredstatements="25" conditionals="2" coveredconditionals="1" methods="2" coveredmethods="2" elements="32" coveredelements="28" complexity="0" loc="28" ncloc="28" packages="1" files="1" classes="1"/>
    <file name="num.js" path="C:\Users\catac\Desktop\NodeJS Scraper\middlewares\num.js">
      <metrics statements="28" coveredstatements="25" conditionals="2" coveredconditionals="1" methods="2" coveredmethods="2"/>
      <line num="1" count="1" type="stmt"/>
      <line num="2" count="1" type="stmt"/>
      <line num="5" count="1" type="stmt"/>
      <line num="6" count="1" type="stmt"/>
      <line num="8" count="3" type="stmt"/>
      <line num="12" count="3" type="stmt"/>
      <line num="14" count="3" type="stmt"/>
      <line num="15" count="3" type="stmt"/>
      <line num="20" count="24" type="stmt"/>
      <line num="21" count="24" type="stmt"/>
      <line num="22" count="24" type="stmt"/>
      <line num="23" count="24" type="stmt"/>
      <line num="26" count="24" type="stmt"/>
      <line num="27" count="24" type="stmt"/>
      <line num="31" count="24" type="stmt"/>
      <line num="32" count="24" type="stmt"/>
      <line num="35" count="24" type="stmt"/>
      <line num="36" count="720" type="stmt"/>
      <line num="37" count="720" type="stmt"/>
      <line num="41" count="24" type="stmt"/>
      <line num="42" count="24" type="stmt"/>
      <line num="45" count="24" type="cond" truecount="1" falsecount="1"/>
      <line num="46" count="0" type="stmt"/>
      <line num="47" count="0" type="stmt"/>
      <line num="52" count="24" type="stmt"/>
      <line num="56" count="3" type="stmt"/>
      <line num="59" count="0" type="stmt"/>
      <line num="65" count="1" type="stmt"/>
    </file>
  </project>
</coverage>
