{"C:\\Users\\catac\\Desktop\\NodeJS Scraper\\middlewares\\num.js": {"path":"C:\\Users\\catac\\Desktop\\NodeJS Scraper\\middlewares\\num.js","statementMap":{"0":{"start":{"line":1,"column":18},"end":{"line":1,"column":38}},"1":{"start":{"line":2,"column":14},"end":{"line":2,"column":30}},"2":{"start":{"line":5,"column":16},"end":{"line":5,"column":18}},"3":{"start":{"line":6,"column":12},"end":{"line":72,"column":1}},"4":{"start":{"line":8,"column":23},"end":{"line":8,"column":37}},"5":{"start":{"line":12,"column":4},"end":{"line":12,"column":61}},"6":{"start":{"line":14,"column":4},"end":{"line":69,"column":5}},"7":{"start":{"line":15,"column":8},"end":{"line":62,"column":9}},"8":{"start":{"line":20,"column":28},"end":{"line":20,"column":52}},"9":{"start":{"line":21,"column":25},"end":{"line":21,"column":48}},"10":{"start":{"line":22,"column":29},"end":{"line":22,"column":84}},"11":{"start":{"line":23,"column":25},"end":{"line":23,"column":46}},"12":{"start":{"line":26,"column":45},"end":{"line":26,"column":66}},"13":{"start":{"line":27,"column":12},"end":{"line":27,"column":51}},"14":{"start":{"line":31,"column":28},"end":{"line":31,"column":30}},"15":{"start":{"line":32,"column":12},"end":{"line":32,"column":48}},"16":{"start":{"line":35,"column":36},"end":{"line":38,"column":13}},"17":{"start":{"line":36,"column":26},"end":{"line":36,"column":53}},"18":{"start":{"line":37,"column":16},"end":{"line":37,"column":60}},"19":{"start":{"line":41,"column":12},"end":{"line":41,"column":106}},"20":{"start":{"line":42,"column":12},"end":{"line":42,"column":37}},"21":{"start":{"line":45,"column":12},"end":{"line":48,"column":13}},"22":{"start":{"line":46,"column":16},"end":{"line":46,"column":32}},"23":{"start":{"line":47,"column":16},"end":{"line":47,"column":31}},"24":{"start":{"line":50,"column":12},"end":{"line":58,"column":14}},"25":{"start":{"line":60,"column":12},"end":{"line":60,"column":34}},"26":{"start":{"line":63,"column":8},"end":{"line":63,"column":31}},"27":{"start":{"line":65,"column":8},"end":{"line":65,"column":24}},"28":{"start":{"line":68,"column":8},"end":{"line":68,"column":22}},"29":{"start":{"line":74,"column":0},"end":{"line":74,"column":21}}},"fnMap":{"0":{"name":"(anonymous_0)","decl":{"start":{"line":6,"column":12},"end":{"line":6,"column":13}},"loc":{"start":{"line":6,"column":27},"end":{"line":72,"column":1}},"line":6},"1":{"name":"(anonymous_1)","decl":{"start":{"line":35,"column":36},"end":{"line":35,"column":37}},"loc":{"start":{"line":35,"column":55},"end":{"line":38,"column":13}},"line":35}},"branchMap":{"0":{"loc":{"start":{"line":45,"column":12},"end":{"line":48,"column":13}},"type":"if","locations":[{"start":{"line":45,"column":12},"end":{"line":48,"column":13}},{"start":{},"end":{}}],"line":45}},"s":{"0":1,"1":1,"2":1,"3":1,"4":3,"5":0,"6":0,"7":0,"8":0,"9":0,"10":0,"11":0,"12":0,"13":0,"14":0,"15":0,"16":0,"17":0,"18":0,"19":0,"20":0,"21":0,"22":0,"23":0,"24":0,"25":0,"26":0,"27":0,"28":0,"29":1},"f":{"0":3,"1":0},"b":{"0":[0,0]},"_coverageSchema":"1a1c01bbd47fc00a2c39e90264f33305004495a9","hash":"8822e1f89dd3ef220fda359ad673f67e87af0d0d"}
}
