{"C:\\Users\\catac\\Desktop\\NodeJS Scraper\\middlewares\\num.js": {"path":"C:\\Users\\catac\\Desktop\\NodeJS Scraper\\middlewares\\num.js","statementMap":{"0":{"start":{"line":1,"column":18},"end":{"line":1,"column":38}},"1":{"start":{"line":2,"column":14},"end":{"line":2,"column":30}},"2":{"start":{"line":5,"column":16},"end":{"line":5,"column":18}},"3":{"start":{"line":6,"column":12},"end":{"line":63,"column":1}},"4":{"start":{"line":8,"column":23},"end":{"line":8,"column":24}},"5":{"start":{"line":12,"column":4},"end":{"line":12,"column":29}},"6":{"start":{"line":14,"column":4},"end":{"line":60,"column":5}},"7":{"start":{"line":15,"column":8},"end":{"line":55,"column":9}},"8":{"start":{"line":20,"column":28},"end":{"line":20,"column":52}},"9":{"start":{"line":21,"column":25},"end":{"line":21,"column":48}},"10":{"start":{"line":22,"column":29},"end":{"line":22,"column":84}},"11":{"start":{"line":23,"column":25},"end":{"line":23,"column":46}},"12":{"start":{"line":26,"column":45},"end":{"line":26,"column":66}},"13":{"start":{"line":27,"column":12},"end":{"line":27,"column":51}},"14":{"start":{"line":31,"column":28},"end":{"line":31,"column":30}},"15":{"start":{"line":32,"column":12},"end":{"line":32,"column":48}},"16":{"start":{"line":35,"column":36},"end":{"line":38,"column":13}},"17":{"start":{"line":36,"column":26},"end":{"line":36,"column":53}},"18":{"start":{"line":37,"column":16},"end":{"line":37,"column":60}},"19":{"start":{"line":41,"column":12},"end":{"line":41,"column":106}},"20":{"start":{"line":42,"column":12},"end":{"line":42,"column":37}},"21":{"start":{"line":45,"column":12},"end":{"line":48,"column":13}},"22":{"start":{"line":46,"column":16},"end":{"line":46,"column":32}},"23":{"start":{"line":47,"column":16},"end":{"line":47,"column":31}},"24":{"start":{"line":52,"column":12},"end":{"line":52,"column":34}},"25":{"start":{"line":56,"column":8},"end":{"line":56,"column":24}},"26":{"start":{"line":59,"column":8},"end":{"line":59,"column":22}},"27":{"start":{"line":65,"column":0},"end":{"line":65,"column":21}}},"fnMap":{"0":{"name":"(anonymous_0)","decl":{"start":{"line":6,"column":12},"end":{"line":6,"column":13}},"loc":{"start":{"line":6,"column":27},"end":{"line":63,"column":1}},"line":6},"1":{"name":"(anonymous_1)","decl":{"start":{"line":35,"column":36},"end":{"line":35,"column":37}},"loc":{"start":{"line":35,"column":55},"end":{"line":38,"column":13}},"line":35}},"branchMap":{"0":{"loc":{"start":{"line":45,"column":12},"end":{"line":48,"column":13}},"type":"if","locations":[{"start":{"line":45,"column":12},"end":{"line":48,"column":13}},{"start":{},"end":{}}],"line":45}},"s":{"0":1,"1":1,"2":1,"3":1,"4":3,"5":3,"6":3,"7":3,"8":24,"9":24,"10":24,"11":24,"12":24,"13":24,"14":24,"15":24,"16":24,"17":720,"18":720,"19":24,"20":24,"21":24,"22":0,"23":0,"24":24,"25":3,"26":0,"27":1},"f":{"0":3,"1":720},"b":{"0":[0,24]},"_coverageSchema":"1a1c01bbd47fc00a2c39e90264f33305004495a9","hash":"a255029550d4cb445cad04b7972aeb1287317618"}
}
